# JRE version: OpenJDK Runtime Environment Microsoft-8035246 (17.0.8+7) (build 17.0.8+7-LTS)
# Java VM: OpenJDK 64-Bit Server VM Microsoft-8035246 (17.0.8+7-LTS, mixed mode, sharing, tiered, compressed oops, compressed class ptrs, g1 gc, windows-amd64)
GC Precious Log:
 CPUs: 16 total, 16 available
 Memory: 15571M
 Large Page Support: Disabled
 NUMA Support: Disabled
 Compressed Oops: Enabled (32-bit)
 Heap Region Size: 1M
 Heap Min Capacity: 8M
 Heap Initial Capacity: 244M
 Heap Max Capacity: 2G
 Pre-touch: Disabled
 Parallel Workers: 13
 Concurrent Workers: 3
 Concurrent Refinement Workers: 13
 Periodic GC: Disabled
Heap:
 garbage-first heap   total 222208K, used 179820K [0x0000000080000000, 0x0000000100000000)
  region size 1024K, 13 young (13312K), 3 survivors (3072K)
 Metaspace       used 97685K, committed 98624K, reserved 557056K
  class space    used 13388K, committed 13824K, reserved 425984K
GC Heap History (20 events):
Event: 26.205 GC heap before
{Heap before GC invocations=44 (full 0):
 garbage-first heap   total 222208K, used 179927K [0x0000000080000000, 0x0000000100000000)
  region size 1024K, 53 young (54272K), 7 survivors (7168K)
 Metaspace       used 90974K, committed 91904K, reserved 557056K
  class space    used 12614K, committed 13056K, reserved 425984K
}
Event: 26.212 GC heap after
{Heap after GC invocations=45 (full 0):
 garbage-first heap   total 222208K, used 140372K [0x0000000080000000, 0x0000000100000000)
  region size 1024K, 7 young (7168K), 7 survivors (7168K)
 Metaspace       used 90974K, committed 91904K, reserved 557056K
  class space    used 12614K, committed 13056K, reserved 425984K
}
Event: 27.083 GC heap before
{Heap before GC invocations=45 (full 0):
 garbage-first heap   total 222208K, used 181332K [0x0000000080000000, 0x0000000100000000)
  region size 1024K, 47 young (48128K), 7 survivors (7168K)
 Metaspace       used 93812K, committed 94720K, reserved 557056K
  class space    used 12949K, committed 13376K, reserved 425984K
}
Event: 27.089 GC heap after
{Heap after GC invocations=46 (full 0):
 garbage-first heap   total 222208K, used 146398K [0x0000000080000000, 0x0000000100000000)
  region size 1024K, 6 young (6144K), 6 survivors (6144K)
 Metaspace       used 93812K, committed 94720K, reserved 557056K
  class space    used 12949K, committed 13376K, reserved 425984K
}
Event: 27.542 GC heap before
{Heap before GC invocations=46 (full 0):
 garbage-first heap   total 222208K, used 183262K [0x0000000080000000, 0x0000000100000000)
  region size 1024K, 42 young (43008K), 6 survivors (6144K)
 Metaspace       used 94492K, committed 95424K, reserved 557056K
  class space    used 13020K, committed 13440K, reserved 425984K
}
Event: 27.548 GC heap after
{Heap after GC invocations=47 (full 0):
 garbage-first heap   total 222208K, used 152576K [0x0000000080000000, 0x0000000100000000)
  region size 1024K, 6 young (6144K), 6 survivors (6144K)
 Metaspace       used 94492K, committed 95424K, reserved 557056K
  class space    used 13020K, committed 13440K, reserved 425984K
}
Event: 28.012 GC heap before
{Heap before GC invocations=47 (full 0):
 garbage-first heap   total 222208K, used 185344K [0x0000000080000000, 0x0000000100000000)
  region size 1024K, 38 young (38912K), 6 survivors (6144K)
 Metaspace       used 96158K, committed 97024K, reserved 557056K
  class space    used 13222K, committed 13632K, reserved 425984K
}
Event: 28.017 GC heap after
{Heap after GC invocations=48 (full 0):
 garbage-first heap   total 222208K, used 157536K [0x0000000080000000, 0x0000000100000000)
  region size 1024K, 5 young (5120K), 5 survivors (5120K)
 Metaspace       used 96158K, committed 97024K, reserved 557056K
  class space    used 13222K, committed 13632K, reserved 425984K
}
Event: 28.519 GC heap before
{Heap before GC invocations=48 (full 0):
 garbage-first heap   total 222208K, used 185184K [0x0000000080000000, 0x0000000100000000)
  region size 1024K, 33 young (33792K), 5 survivors (5120K)
 Metaspace       used 96889K, committed 97920K, reserved 557056K
  class space    used 13314K, committed 13760K, reserved 425984K
}
Event: 28.524 GC heap after
{Heap after GC invocations=49 (full 0):
 garbage-first heap   total 222208K, used 160778K [0x0000000080000000, 0x0000000100000000)
  region size 1024K, 4 young (4096K), 4 survivors (4096K)
 Metaspace       used 96889K, committed 97920K, reserved 557056K
  class space    used 13314K, committed 13760K, reserved 425984K
}
Event: 28.895 GC heap before
{Heap before GC invocations=49 (full 0):
 garbage-first heap   total 222208K, used 186378K [0x0000000080000000, 0x0000000100000000)
  region size 1024K, 30 young (30720K), 4 survivors (4096K)
 Metaspace       used 97100K, committed 98112K, reserved 557056K
  class space    used 13316K, committed 13760K, reserved 425984K
}
Event: 28.899 GC heap after
{Heap after GC invocations=50 (full 0):
 garbage-first heap   total 222208K, used 162337K [0x0000000080000000, 0x0000000100000000)
  region size 1024K, 2 young (2048K), 2 survivors (2048K)
 Metaspace       used 97100K, committed 98112K, reserved 557056K
  class space    used 13316K, committed 13760K, reserved 425984K
}
Event: 29.174 GC heap before
{Heap before GC invocations=50 (full 0):
 garbage-first heap   total 222208K, used 188961K [0x0000000080000000, 0x0000000100000000)
  region size 1024K, 29 young (29696K), 2 survivors (2048K)
 Metaspace       used 97568K, committed 98560K, reserved 557056K
  class space    used 13388K, committed 13824K, reserved 425984K
}
Event: 29.178 GC heap after
{Heap after GC invocations=51 (full 0):
 garbage-first heap   total 222208K, used 166961K [0x0000000080000000, 0x0000000100000000)
  region size 1024K, 4 young (4096K), 4 survivors (4096K)
 Metaspace       used 97568K, committed 98560K, reserved 557056K
  class space    used 13388K, committed 13824K, reserved 425984K
}
Event: 29.282 GC heap before
{Heap before GC invocations=51 (full 0):
 garbage-first heap   total 222208K, used 188465K [0x0000000080000000, 0x0000000100000000)
  region size 1024K, 26 young (26624K), 4 survivors (4096K)
 Metaspace       used 97611K, committed 98624K, reserved 557056K
  class space    used 13388K, committed 13824K, reserved 425984K
}
Event: 29.285 GC heap after
{Heap after GC invocations=52 (full 0):
 garbage-first heap   total 222208K, used 168463K [0x0000000080000000, 0x0000000100000000)
  region size 1024K, 2 young (2048K), 2 survivors (2048K)
 Metaspace       used 97611K, committed 98624K, reserved 557056K
  class space    used 13388K, committed 13824K, reserved 425984K
}
Event: 29.379 GC heap before
{Heap before GC invocations=52 (full 0):
 garbage-first heap   total 222208K, used 188943K [0x0000000080000000, 0x0000000100000000)
  region size 1024K, 23 young (23552K), 2 survivors (2048K)
 Metaspace       used 97663K, committed 98624K, reserved 557056K
  class space    used 13388K, committed 13824K, reserved 425984K
}
Event: 29.381 GC heap after
{Heap after GC invocations=53 (full 0):
 garbage-first heap   total 222208K, used 169451K [0x0000000080000000, 0x0000000100000000)
  region size 1024K, 3 young (3072K), 3 survivors (3072K)
 Metaspace       used 97663K, committed 98624K, reserved 557056K
  class space    used 13388K, committed 13824K, reserved 425984K
}
Event: 29.524 GC heap before
{Heap before GC invocations=53 (full 0):
 garbage-first heap   total 222208K, used 189931K [0x0000000080000000, 0x0000000100000000)
  region size 1024K, 24 young (24576K), 3 survivors (3072K)
 Metaspace       used 97668K, committed 98624K, reserved 557056K
  class space    used 13388K, committed 13824K, reserved 425984K
}
Event: 29.527 GC heap after
{Heap after GC invocations=54 (full 0):
 garbage-first heap   total 222208K, used 170604K [0x0000000080000000, 0x0000000100000000)
  region size 1024K, 3 young (3072K), 3 survivors (3072K)
 Metaspace       used 97668K, committed 98624K, reserved 557056K
  class space    used 13388K, committed 13824K, reserved 425984K
}

